<?xml version="1.0" encoding="UTF-8"?>
<!-- Generated by org.testng.reporters.JUnitXMLReporter -->
<testsuite ignored="0" hostname="LIN-5CD5324YZR" failures="0" tests="4" name="Default test" time="0.079" errors="0" timestamp="2025-11-14T17:35:44 IST">
  <testcase classname="testNG.TestNGxp8" name="m1" time="0.012"/>
  <testcase classname="testNG.TestNGxp8" name="m2" time="0.004"/>
  <testcase classname="testNG.TestNGxp8" name="m3" time="0.002"/>
  <testcase classname="testNG.TestNGxp8" name="m4" time="0.003"/>
</testsuite> <!-- Default test -->
