<?xml version="1.0" encoding="UTF-8"?>
<!-- Generated by org.testng.reporters.JUnitXMLReporter -->
<testsuite ignored="0" hostname="LIN-5CD5324YZR" failures="1" tests="3" name="Test" time="0.086" errors="0" timestamp="2025-11-14T17:34:49 IST">
  <testcase classname="testNG.TestNGEX12" name="login" time="0.018">
    <skipped/>
  </testcase> <!-- login -->
  <testcase classname="testNG.TestNGEX12" name="login" time="0.003">
    <skipped/>
  </testcase> <!-- login -->
  <testcase classname="testNG.TestNGEX12" name="login" time="0.001">
    <failure type="java.lang.AssertionError" message="expected [true] but found [false]">
      <![CDATA[java.lang.AssertionError: expected [true] but found [false]
at testNG.TestNGEX12.login(TestNGEX12.java:11)
at java.base/java.util.ArrayList.forEach(ArrayList.java:1511)
... Removed 31 stack frames]]>
    </failure>
  </testcase> <!-- login -->
</testsuite> <!-- Test -->
