<?xml version="1.0" encoding="UTF-8"?>
<!-- Generated by org.testng.reporters.JUnitXMLReporter -->
<testsuite ignored="0" hostname="LIN-5CD5324YZR" failures="1" tests="6" name="Test" time="2.105" errors="0" timestamp="2025-11-17T10:52:36 IST">
  <testcase classname="testNG.testNGExp5" name="BillingTest" time="2.024">
    <failure type="org.testng.internal.thread.ThreadTimeoutException" message="Method testNG.testNGExp5.BillingTest() didn&amp;apos;t finish within the time-out 2000">
      <![CDATA[org.testng.internal.thread.ThreadTimeoutException: Method testNG.testNGExp5.BillingTest() didn't finish within the time-out 2000
at java.base@17.0.16/java.lang.Thread.sleep(Native Method)
at app//testNG.testNGExp5.BillingTest(testNGExp5.java:14)
at java.base@17.0.16/java.util.concurrent.FutureTask.run(FutureTask.java:264)
at java.base@17.0.16/java.util.concurrent.ThreadPoolExecutor.runWorker(ThreadPoolExecutor.java:1136)
at java.base@17.0.16/java.util.concurrent.ThreadPoolExecutor$Worker.run(ThreadPoolExecutor.java:635)
at java.base@17.0.16/java.lang.Thread.run(Thread.java:840)
... Removed 8 stack frames]]>
    </failure>
  </testcase> <!-- BillingTest -->
  <testcase classname="testNG.testNGExp5" name="paymentTest" time="0.001"/>
  <testcase classname="testNG.testNGExp5" name="paymentTest" time="0.001"/>
  <testcase classname="testNG.testNGExp5" name="paymentTest" time="0.002"/>
  <testcase classname="testNG.testNGExp5" name="paymentTest" time="0.001"/>
  <testcase classname="testNG.testNGExp5" name="paymentTest" time="0.001"/>
</testsuite> <!-- Test -->
