<?xml version="1.0" encoding="UTF-8"?>
<testng-results ignored="0" total="1" passed="1" failed="0" skipped="0">
  <reporter-output>
  </reporter-output>
  <suite started-at="2025-11-17T11:47:26 IST" name="Suite" finished-at="2025-11-17T11:47:27 IST" duration-ms="765">
    <groups>
    </groups>
    <test started-at="2025-11-17T11:47:26 IST" name="Test" finished-at="2025-11-17T11:47:27 IST" duration-ms="765">
      <class name="extentReport.ExtentReportTestNG">
        <test-method signature="f()[pri:0, instance:extentReport.ExtentReportTestNG@791f145a]" started-at="2025-11-17T11:47:26 IST" name="f" finished-at="2025-11-17T11:47:27 IST" duration-ms="706" status="PASS">
          <reporter-output>
          </reporter-output>
        </test-method> <!-- f -->
      </class> <!-- extentReport.ExtentReportTestNG -->
    </test> <!-- Test -->
  </suite> <!-- Suite -->
</testng-results>
