<?xml version="1.0" encoding="UTF-8"?>
<testng-results ignored="0" total="6" passed="5" failed="1" skipped="0">
  <reporter-output>
  </reporter-output>
  <suite started-at="2025-11-17T10:52:34 IST" name="Suite" finished-at="2025-11-17T10:52:36 IST" duration-ms="2105">
    <groups>
    </groups>
    <test started-at="2025-11-17T10:52:34 IST" name="Test" finished-at="2025-11-17T10:52:36 IST" duration-ms="2105">
      <class name="testNG.testNGExp5">
        <test-method signature="BillingTest()[pri:0, instance:testNG.testNGExp5@4b45a2f5]" started-at="2025-11-17T10:52:34 IST" name="BillingTest" finished-at="2025-11-17T10:52:36 IST" duration-ms="2024" status="FAIL">
          <exception class="org.testng.internal.thread.ThreadTimeoutException">
            <message>
              <![CDATA[Method testNG.testNGExp5.BillingTest() didn't finish within the time-out 2000]]>
            </message>
            <full-stacktrace>
              <![CDATA[org.testng.internal.thread.ThreadTimeoutException: Method testNG.testNGExp5.BillingTest() didn't finish within the time-out 2000
at java.base@17.0.16/java.lang.Thread.sleep(Native Method)
at app//testNG.testNGExp5.BillingTest(testNGExp5.java:14)
at java.base@17.0.16/jdk.internal.reflect.NativeMethodAccessorImpl.invoke0(Native Method)
at java.base@17.0.16/jdk.internal.reflect.NativeMethodAccessorImpl.invoke(NativeMethodAccessorImpl.java:77)
at java.base@17.0.16/jdk.internal.reflect.DelegatingMethodAccessorImpl.invoke(DelegatingMethodAccessorImpl.java:43)
at java.base@17.0.16/java.lang.reflect.Method.invoke(Method.java:569)
at app//org.testng.internal.invokers.MethodInvocationHelper.invokeMethod(MethodInvocationHelper.java:141)
at app//org.testng.internal.invokers.InvokeMethodRunnable.runOne(InvokeMethodRunnable.java:47)
at app//org.testng.internal.invokers.InvokeMethodRunnable.call(InvokeMethodRunnable.java:76)
at app//org.testng.internal.invokers.InvokeMethodRunnable.call(InvokeMethodRunnable.java:11)
at java.base@17.0.16/java.util.concurrent.FutureTask.run(FutureTask.java:264)
at java.base@17.0.16/java.util.concurrent.ThreadPoolExecutor.runWorker(ThreadPoolExecutor.java:1136)
at java.base@17.0.16/java.util.concurrent.ThreadPoolExecutor$Worker.run(ThreadPoolExecutor.java:635)
at java.base@17.0.16/java.lang.Thread.run(Thread.java:840)
]]>
            </full-stacktrace>
          </exception> <!-- org.testng.internal.thread.ThreadTimeoutException -->
          <reporter-output>
          </reporter-output>
        </test-method> <!-- BillingTest -->
        <test-method signature="paymentTest()[pri:0, instance:testNG.testNGExp5@4b45a2f5]" started-at="2025-11-17T10:52:36 IST" name="paymentTest" finished-at="2025-11-17T10:52:36 IST" duration-ms="1" status="PASS">
          <reporter-output>
          </reporter-output>
        </test-method> <!-- paymentTest -->
        <test-method signature="paymentTest()[pri:0, instance:testNG.testNGExp5@4b45a2f5]" started-at="2025-11-17T10:52:36 IST" name="paymentTest" finished-at="2025-11-17T10:52:36 IST" duration-ms="1" status="PASS">
          <reporter-output>
          </reporter-output>
        </test-method> <!-- paymentTest -->
        <test-method signature="paymentTest()[pri:0, instance:testNG.testNGExp5@4b45a2f5]" started-at="2025-11-17T10:52:36 IST" name="paymentTest" finished-at="2025-11-17T10:52:36 IST" duration-ms="2" status="PASS">
          <reporter-output>
          </reporter-output>
        </test-method> <!-- paymentTest -->
        <test-method signature="paymentTest()[pri:0, instance:testNG.testNGExp5@4b45a2f5]" started-at="2025-11-17T10:52:36 IST" name="paymentTest" finished-at="2025-11-17T10:52:36 IST" duration-ms="1" status="PASS">
          <reporter-output>
          </reporter-output>
        </test-method> <!-- paymentTest -->
        <test-method signature="paymentTest()[pri:0, instance:testNG.testNGExp5@4b45a2f5]" started-at="2025-11-17T10:52:36 IST" name="paymentTest" finished-at="2025-11-17T10:52:36 IST" duration-ms="1" status="PASS">
          <reporter-output>
          </reporter-output>
        </test-method> <!-- paymentTest -->
      </class> <!-- testNG.testNGExp5 -->
    </test> <!-- Test -->
  </suite> <!-- Suite -->
</testng-results>
