<?xml version="1.0" encoding="UTF-8"?>
<!-- Generated by org.testng.reporters.JUnitReportReporter -->
<testsuite hostname="LIN-5CD5324YZR" failures="0" tests="4" name="testNG.TestNGExp6" time="0.013" errors="0" timestamp="2025-11-14T10:49:30 IST" skipped="0">
  <testcase classname="testNG.TestNGExp6" name="BillingTest" time="0.010"/>
  <testcase classname="testNG.TestNGExp6" name="PaymentTest" time="0.001"/>
  <testcase classname="testNG.TestNGExp6" name="loginTest" time="0.001"/>
  <testcase classname="testNG.TestNGExp6" name="RegistrationTest" time="0.001"/>
</testsuite> <!-- testNG.TestNGExp6 -->
