<?xml version="1.0" encoding="UTF-8"?>
<!-- Generated by org.testng.reporters.JUnitReportReporter -->
<testsuite hostname="LIN-5CD5324YZR" failures="0" tests="4" name="testNG.TestNGExp3" time="0.013" errors="0" timestamp="2025-11-12T17:55:08 IST" skipped="0">
  <testcase classname="testNG.TestNGExp3" name="LoginMethod" time="0.009"/>
  <testcase classname="testNG.TestNGExp3" name="PayementMethod" time="0.002"/>
  <testcase classname="testNG.TestNGExp3" name="RegistrationMethod" time="0.001"/>
  <testcase classname="testNG.TestNGExp3" name="BilingMethod" time="0.001"/>
</testsuite> <!-- testNG.TestNGExp3 -->
