<?xml version="1.0" encoding="UTF-8"?>
<!-- Generated by org.testng.reporters.JUnitReportReporter -->
<testsuite hostname="LIN-5CD5324YZR" failures="0" tests="6" name="testNG.testNGExp5" time="2.030" errors="1" timestamp="2025-11-17T10:52:37 IST" skipped="0">
  <testcase classname="testNG.testNGExp5" name="paymentTest" time="0.002"/>
  <testcase classname="testNG.testNGExp5" name="paymentTest" time="0.001"/>
  <testcase classname="testNG.testNGExp5" name="paymentTest" time="0.001"/>
  <testcase classname="testNG.testNGExp5" name="paymentTest" time="0.001"/>
  <testcase classname="testNG.testNGExp5" name="paymentTest" time="0.001"/>
  <testcase classname="testNG.testNGExp5" name="BillingTest" time="2.024">
    <error message="Method testNG.testNGExp5.BillingTest() didn&#039;t finish within the time-out 2000" type="org.testng.internal.thread.ThreadTimeoutException">
      <![CDATA[org.testng.internal.thread.ThreadTimeoutException: Method testNG.testNGExp5.BillingTest() didn't finish within the time-out 2000
at java.base@17.0.16/java.lang.Thread.sleep(Native Method)
at app//testNG.testNGExp5.BillingTest(testNGExp5.java:14)
at java.base@17.0.16/jdk.internal.reflect.NativeMethodAccessorImpl.invoke0(Native Method)
at java.base@17.0.16/jdk.internal.reflect.NativeMethodAccessorImpl.invoke(NativeMethodAccessorImpl.java:77)
at java.base@17.0.16/jdk.internal.reflect.DelegatingMethodAccessorImpl.invoke(DelegatingMethodAccessorImpl.java:43)
at java.base@17.0.16/java.lang.reflect.Method.invoke(Method.java:569)
at app//org.testng.internal.invokers.MethodInvocationHelper.invokeMethod(MethodInvocationHelper.java:141)
at app//org.testng.internal.invokers.InvokeMethodRunnable.runOne(InvokeMethodRunnable.java:47)
at app//org.testng.internal.invokers.InvokeMethodRunnable.call(InvokeMethodRunnable.java:76)
at app//org.testng.internal.invokers.InvokeMethodRunnable.call(InvokeMethodRunnable.java:11)
at java.base@17.0.16/java.util.concurrent.FutureTask.run(FutureTask.java:264)
at java.base@17.0.16/java.util.concurrent.ThreadPoolExecutor.runWorker(ThreadPoolExecutor.java:1136)
at java.base@17.0.16/java.util.concurrent.ThreadPoolExecutor$Worker.run(ThreadPoolExecutor.java:635)
at java.base@17.0.16/java.lang.Thread.run(Thread.java:840)
]]>
    </error>
  </testcase> <!-- BillingTest -->
</testsuite> <!-- testNG.testNGExp5 -->
