<?xml version="1.0" encoding="UTF-8"?>
<!-- Generated by org.testng.reporters.JUnitReportReporter -->
<testsuite hostname="LIN-5CD5324YZR" failures="0" tests="3" name="testNG.TestNGEx9" time="0.007" errors="0" timestamp="2025-11-14T11:00:22 IST" skipped="0">
  <testcase classname="testNG.TestNGEx9" name="login" time="0.005"/>
  <testcase classname="testNG.TestNGEx9" name="login" time="0.001"/>
  <testcase classname="testNG.TestNGEx9" name="login" time="0.001"/>
</testsuite> <!-- testNG.TestNGEx9 -->
