<?xml version="1.0" encoding="UTF-8"?>
<!-- Generated by org.testng.reporters.JUnitReportReporter -->
<testsuite hostname="LIN-5CD5324YZR" failures="0" tests="4" name="testNG.TestNGExp11" time="0.018" errors="0" timestamp="2025-11-14T15:25:34 IST" skipped="0">
  <testcase classname="testNG.TestNGExp11" name="BillingMethod" time="0.011"/>
  <testcase classname="testNG.TestNGExp11" name="LoginMethod" time="0.005"/>
  <testcase classname="testNG.TestNGExp11" name="RegistrationMethod" time="0.001"/>
  <testcase classname="testNG.TestNGExp11" name="PaymentMethod" time="0.001"/>
</testsuite> <!-- testNG.TestNGExp11 -->
