<?xml version="1.0" encoding="UTF-8"?>
<!-- Generated by org.testng.reporters.JUnitReportReporter -->
<testsuite hostname="LIN-5CD5324YZR" failures="0" tests="5" name="testNG.testNGExp10Excel" time="0.012" errors="0" timestamp="2025-11-14T12:19:18 IST" skipped="0">
  <testcase classname="testNG.testNGExp10Excel" name="login" time="0.001"/>
  <testcase classname="testNG.testNGExp10Excel" name="login" time="0.001"/>
  <testcase classname="testNG.testNGExp10Excel" name="login" time="0.001"/>
  <testcase classname="testNG.testNGExp10Excel" name="login" time="0.008"/>
  <testcase classname="testNG.testNGExp10Excel" name="login" time="0.001"/>
</testsuite> <!-- testNG.testNGExp10Excel -->
